2022/09/08 07:52:23 main.go:16: test
2022/09/08 07:53:35 main.go:16: test
2022/09/08 07:53:39 main.go:16: test
2022/09/08 08:40:56 base.go:24: sql: unknown driver "sqlte3" (forgotten import?)
2022/09/08 08:41:32 base.go:23: sql: unknown driver "sqlte3" (forgotten import?)
2022/09/08 08:42:48 base.go:24: sql: unknown driver "sqlte3" (forgotten import?)
2022/09/08 08:49:41 base.go:24: sql: unknown driver "sqlte3" (forgotten import?)
2022/09/08 08:52:06 base.go:24: sql: unknown driver "sqlte3" (forgotten import?)
2022/09/08 09:28:49 users.go:34: near "value": syntax error
2022/09/08 19:56:25 users.go:56: near "where": syntax error
2022/09/08 20:30:55 todos.go:23: table todos has no column named user_id
2022/09/08 20:33:02 todos.go:23: table todos has no column named user_id
2022/09/08 20:34:18 todos.go:23: table todos has no column named user_id
2022/09/08 20:39:41 todos.go:23: table todos has no column named user_id
2022/09/08 20:43:34 todos.go:23: table todos has no column named user_id
2022/09/08 20:46:36 todos.go:23: table todos has no column named user_id
2022/09/08 20:51:36 todos.go:23: table todos has no column named user_id
2022/09/08 20:51:52 todos.go:23: table todos has no column named user_id
2022/09/08 20:55:12 todos.go:23: table todos has no column named user_id
2022/09/08 21:01:56 todos.go:23: table todos has no column named user_id
2022/09/08 21:02:00 todos.go:23: table todos has no column named user_id
2022/09/08 21:02:01 todos.go:23: table todos has no column named user_id
2022/09/08 21:02:02 todos.go:23: table todos has no column named user_id
2022/09/08 21:02:03 todos.go:23: table todos has no column named user_id
2022/09/08 21:02:04 todos.go:23: table todos has no column named user_id
2022/09/08 21:02:04 todos.go:23: table todos has no column named user_id
2022/09/08 21:02:04 todos.go:23: table todos has no column named user_id
2022/09/08 21:02:04 todos.go:23: table todos has no column named user_id
2022/09/08 21:02:04 todos.go:23: table todos has no column named user_id
2022/09/08 21:02:05 todos.go:23: table todos has no column named user_id
2022/09/08 21:02:24 todos.go:23: table todos has no column named user_id
2022/09/08 21:02:24 todos.go:23: table todos has no column named user_id
2022/09/08 21:02:24 todos.go:23: table todos has no column named user_id
2022/09/08 21:02:27 todos.go:23: table todos has no column named user_id
2022/09/08 21:02:27 todos.go:23: table todos has no column named user_id
2022/09/08 21:02:28 todos.go:23: table todos has no column named user_id
2022/09/08 21:02:28 todos.go:23: table todos has no column named user_id
2022/09/08 21:02:28 todos.go:23: table todos has no column named user_id
2022/09/08 21:02:28 todos.go:23: table todos has no column named user_id
2022/09/08 21:02:28 todos.go:23: table todos has no column named user_id
2022/09/08 21:02:29 todos.go:23: table todos has no column named user_id
2022/09/08 21:02:29 todos.go:23: table todos has no column named user_id
2022/09/08 21:02:29 todos.go:23: table todos has no column named user_id
2022/09/08 21:02:29 todos.go:23: table todos has no column named user_id
2022/09/08 21:02:29 todos.go:23: table todos has no column named user_id
2022/09/08 21:02:29 todos.go:23: table todos has no column named user_id
2022/09/08 21:02:30 todos.go:23: table todos has no column named user_id
2022/09/08 21:02:30 todos.go:23: table todos has no column named user_id
2022/09/08 21:02:30 todos.go:23: table todos has no column named user_id
2022/09/08 21:02:30 todos.go:23: table todos has no column named user_id
2022/09/08 21:02:30 todos.go:23: table todos has no column named user_id
2022/09/08 21:02:31 todos.go:23: table todos has no column named user_id
2022/09/08 21:02:31 todos.go:23: table todos has no column named user_id
2022/09/08 21:02:31 todos.go:23: table todos has no column named user_id
2022/09/08 21:02:31 todos.go:23: table todos has no column named user_id
2022/09/08 21:02:31 todos.go:23: table todos has no column named user_id
2022/09/08 21:02:32 todos.go:23: table todos has no column named user_id
2022/09/08 21:02:32 todos.go:23: table todos has no column named user_id
2022/09/08 21:02:32 todos.go:23: table todos has no column named user_id
2022/09/08 21:02:32 todos.go:23: table todos has no column named user_id
2022/09/08 21:02:32 todos.go:23: table todos has no column named user_id
2022/09/08 21:02:33 todos.go:23: table todos has no column named user_id
2022/09/08 21:02:33 todos.go:23: table todos has no column named user_id
2022/09/08 21:02:33 todos.go:23: table todos has no column named user_id
2022/09/08 21:02:33 todos.go:23: table todos has no column named user_id
2022/09/08 21:09:37 todos.go:23: table todos has no column named user_id
2022/09/08 21:11:29 todos.go:23: table todos has no column named user_id
2022/09/08 21:19:51 users.go:33: sql: converting argument $1 type: unsupported type func() uuid.UUID, a func
2022/09/08 21:34:02 todos.go:23: table todos has no column named user_id
2022/09/08 21:36:38 todos.go:23: table todos has no column named user_id
2022/09/08 21:39:30 todos.go:23: table todos has no column named user_id
2022/09/08 21:45:00 todos.go:23: table todos has no column named user_id
2022/09/08 21:47:24 todos.go:23: table todos has no column named user_id
2022/09/08 21:49:38 todos.go:23: table todos has no column named user_id
2022/09/08 22:06:33 todos.go:23: table todos has no column named user_id
2022/09/08 22:06:40 todos.go:23: table todos has no column named user_id
2022/09/08 23:46:18 todos.go:23: table todos has no column named user_id
2022/09/09 06:13:35 todos.go:23: table todos has no column named user_id
2022/09/09 06:14:10 todos.go:23: table todos has no column named user_id
